16/04/2016 17:45   Conexion   LOCAL                     rcuevas         ERROR: mysqlconnect/db server: SSL connection error: Unable to get certificate
16/04/2016 17:46 briseli_datos                             rcuevas         LOCAL: mysqluse/db server: Unknown database 'briseli_datos'
16/04/2016 21:50 bernardo_datos   Configuracion             rcuevas         LOCAL: mysqlsel/db server: Unknown column 'CP.CodigoGrupogui' in 'on clause'
16/04/2016 21:50   Winix_MT   Menu_Winix_MT             rcuevas         LOCAL: mysqlsel/db server: Unknown column 'CP.CodigoGrupogui' in 'on clause'
16/04/2016 21:50 bernardo_datos   Configuracion             rcuevas         LOCAL: mysqlsel/db server: Unknown column 'CP.CodigoGrupogui' in 'on clause'
16/04/2016 21:51 bernardo_datos   Configuracion             rcuevas         LOCAL: mysqlsel/db server: Unknown column 'CP.CodigoGrupogui' in 'on clause'
16/04/2016 21:53 bernardo_datos   Configuracion             rcuevas         LOCAL: mysqlsel/db server: Unknown column 'CP.CodigoGrupogui' in 'on clause'
16/04/2016 21:53   Winix_MT   Menu_Winix_MT             rcuevas         LOCAL: mysqlsel/db server: Unknown column 'CP.CodigoGrupogui' in 'on clause'
16/04/2016 21:53 bernardo_datos   Configuracion             rcuevas         LOCAL: mysqlsel/db server: Unknown column 'CP.CodigoGrupogui' in 'on clause'
16/04/2016 21:53 bernardo_datos   Configuracion             rcuevas         LOCAL: mysqlsel/db server: Unknown column 'CP.CodigoGrupogui' in 'on clause'
16/04/2016 22:02 bernardo_datos   Configuracion             rcuevas         LOCAL: mysqlsel/db server: Unknown column 'CP.CodigoGrupogui' in 'on clause'
16/04/2016 22:02   Winix_MT   Menu_Winix_MT             rcuevas         LOCAL: mysqlsel/db server: Unknown column 'CP.CodigoGrupogui' in 'on clause'
16/04/2016 22:02 bernardo_datos   Configuracion             rcuevas         LOCAL: mysqlsel/db server: Unknown column 'CP.CodigoGrupogui' in 'on clause'
16/04/2016 22:04 bernardo_datos   Configuracion             rcuevas         LOCAL: mysqlsel/db server: Unknown column 'CP.CodigoGrupogui' in 'on clause'
16/04/2016 22:08 bernardo_datos   Configuracion             rcuevas         LOCAL: mysqlsel/db server: Unknown column 'CP.CodigoGrupogui' in 'on clause'
16/04/2016 22:09   Winix_MT   Menu_Winix_MT             rcuevas         LOCAL: mysqlsel/db server: Unknown column 'CP.CodigoGrupogui' in 'on clause'
16/04/2016 22:09 bernardo_datos   Configuracion             rcuevas         LOCAL: mysqlsel/db server: Unknown column 'CP.CodigoGrupogui' in 'on clause'
16/04/2016 22:09 bernardo_datos   Configuracion             rcuevas         LOCAL: mysqlsel/db server: Unknown column 'CP.CodigoGrupogui' in 'on clause'
16/04/2016 22:25   Conexion   LOCAL                     rcuevas         ERROR: mysqlconnect/db server: Access denied for user 'rcuevas'@'2001:470:1f06:a2f::2' (using password: YES)
16/04/2016 22:25 bernardo_datos   Configuracion             rcuevas         LOCAL: mysqlsel/db server: Unknown column 'CP.CodigoGrupogui' in 'on clause'
16/04/2016 22:25   Winix_MT   Menu_Winix_MT             rcuevas         LOCAL: mysqlsel/db server: Unknown column 'CP.CodigoGrupogui' in 'on clause'
16/04/2016 22:26 bernardo_datos   Configuracion             rcuevas         LOCAL: mysqlsel/db server: Unknown column 'CP.CodigoGrupogui' in 'on clause'
16/04/2016 22:27 bernardo_datos   Configuracion             rcuevas         LOCAL: mysqlsel/db server: Unknown column 'CP.CodigoGrupogui' in 'on clause'
